mode: set
github.com/mes1234/syncbrok/internal/msg/simple.go:22.41,24.2 1 0
github.com/mes1234/syncbrok/internal/msg/simple.go:26.49,28.2 1 0
github.com/mes1234/syncbrok/internal/msg/simple.go:30.39,32.2 1 1
github.com/mes1234/syncbrok/internal/msg/simple.go:34.45,36.2 1 0
github.com/mes1234/syncbrok/internal/msg/simple.go:38.41,40.2 1 0
github.com/mes1234/syncbrok/internal/msg/simple.go:42.116,44.21 2 0
github.com/mes1234/syncbrok/internal/msg/simple.go:49.2,52.37 4 0
github.com/mes1234/syncbrok/internal/msg/simple.go:55.2,55.12 1 0
github.com/mes1234/syncbrok/internal/msg/simple.go:44.21,48.3 3 0
github.com/mes1234/syncbrok/internal/msg/simple.go:52.37,54.3 1 0
github.com/mes1234/syncbrok/internal/msg/simple.go:55.12,59.3 3 0
github.com/mes1234/syncbrok/internal/msg/simple.go:59.8,64.3 4 0
github.com/mes1234/syncbrok/internal/msg/simple.go:70.59,80.2 3 1
